<?xml version="1.0" encoding="UTF-8"?>
<testsuite xmlns:xsi="http://www.w3.org/2001/XMLSchema-instance" xsi:noNamespaceSchemaLocation="https://maven.apache.org/surefire/maven-surefire-plugin/xsd/surefire-test-report.xsd" name="br.com.restassuredapitesting.runners.AllTests" time="27.209" tests="16" errors="0" skipped="0" failures="0">
  <properties>
[...]
</properties>
  <testcase name="validaApiOnline" classname="br.com.restassuredapitesting.tests.ping.tests.GetPingTest" time="4.311"/>
  <testcase name="validaUmaReservaEspecificoSchema" classname="br.com.restassuredapitesting.tests.booking.tests.GetBookingTest" time="2.779"/>
  <testcase name="validaListagemDeIdsDasReservas" classname="br.com.restassuredapitesting.tests.booking.tests.GetBookingTest" time="0.906"/>
  <testcase name="returnBookingFilterLastName" classname="br.com.restassuredapitesting.tests.booking.tests.GetBookingTest" time="0.968"/>
  <testcase name="validaUmaReservaEspecifica" classname="br.com.restassuredapitesting.tests.booking.tests.GetBookingTest" time="0.844"/>
  <testcase name="validarReservasUtilizandoFiltroCheckinCheckoutEName" classname="br.com.restassuredapitesting.tests.booking.tests.GetBookingTest" time="0.796"/>
  <testcase name="returnBookingFilterFirstName" classname="br.com.restassuredapitesting.tests.booking.tests.GetBookingTest" time="0.844"/>
  <testcase name="validaSchemaDaListagemDeReservas" classname="br.com.restassuredapitesting.tests.booking.tests.GetBookingTest" time="0.843"/>
  <testcase name="returnBookingFilterCheckout" classname="br.com.restassuredapitesting.tests.booking.tests.GetBookingTest" time="0.813"/>
  <testcase name="returnBookingFilterCheckin" classname="br.com.restassuredapitesting.tests.booking.tests.GetBookingTest" time="0.797"/>
  <testcase name="validaRetornoDeTokenParaUsuario" classname="br.com.restassuredapitesting.tests.auth.tests.PostAuthTest" time="0.89"/>
  <testcase name="validarAlteracaoDeUmaReservaUtilizandoToken" classname="br.com.restassuredapitesting.tests.booking.tests.PutBookingTest" time="2.515"/>
  <testcase name="deletarUmaReservaSemAutorizacao" classname="br.com.restassuredapitesting.tests.booking.tests.DeleteBookingTest" time="2.437"/>
  <testcase name="deletarUmaReservaEspecificaUtilizandoToken" classname="br.com.restassuredapitesting.tests.booking.tests.DeleteBookingTest" time="2.468"/>
  <testcase name="deletarUmaReservaQueNaoExiste" classname="br.com.restassuredapitesting.tests.booking.tests.DeleteBookingTest" time="2.385"/>
  <testcase name="criarUmaReserva" classname="br.com.restassuredapitesting.tests.booking.tests.PostBookingTest" time="0.785"/>
</testsuite>